Running Suite: Finch Virtual Machine E2E Tests - /Users/ayushkp/Documents/finch-creds/finch/e2e/vm
==================================================================================================
Random Seed: [1m1767847521[0m

Will run [1m1[0m of [1m1[0m specs
[38;5;243m------------------------------[0m
[38;5;9m[SynchronizedBeforeSuite] [FAILED] [162.255 seconds][0m
[38;5;9m[1m[SynchronizedBeforeSuite] [0m
[38;5;243m/Users/ayushkp/Documents/finch-creds/finch/e2e/vm/vm_darwin_test.go:39[0m

  [38;5;243mTimeline >>[0m
  time="2026-01-07T20:45:22-08:00" level=info msg="Forcibly stopping Finch virtual machine..."
  time="2026-01-07T20:45:22-08:00" level=error msg="Finch virtual machine failed to stop, debug logs:\ntime=\"2026-01-07T20:45:22-08:00\" level=fatal msg=\"open /Users/ayushkp/Documents/finch-creds/finch/_output/lima/data/finch/lima.yaml: no such file or directory\"\n"
  time="2026-01-07T20:45:24-08:00" level=info msg="Forcibly removing Finch virtual machine..."
  time="2026-01-07T20:45:24-08:00" level=info msg="Finch virtual machine removed successfully"
  Nonexistent
  time="2026-01-07T20:45:25-08:00" level=info msg="Initializing and starting Finch virtual machine..."
  [38;5;9m[FAILED][0m in [SynchronizedBeforeSuite] - /Users/ayushkp/go/pkg/mod/github.com/runfinch/common-tests@v0.10.1/command/command.go:115 [38;5;243m@ 01/07/26 20:48:05.164[0m
  [38;5;243m<< Timeline[0m

  [38;5;9m[FAILED] Timed out after 160.001s.
  Expected process to exit.  It did not.[0m
  [38;5;9mIn [1m[SynchronizedBeforeSuite][0m[38;5;9m at: [1m/Users/ayushkp/go/pkg/mod/github.com/runfinch/common-tests@v0.10.1/command/command.go:115[0m [38;5;243m@ 01/07/26 20:48:05.164[0m
[38;5;243m------------------------------[0m

[38;5;9m[1mSummarizing 1 Failure:[0m
  [38;5;9m[FAIL][0m [38;5;9m[1m[SynchronizedBeforeSuite] [0m
  [38;5;243m/Users/ayushkp/go/pkg/mod/github.com/runfinch/common-tests@v0.10.1/command/command.go:115[0m

[38;5;9m[1mRan 0 of 1 Specs in 165.259 seconds[0m
[38;5;9m[1mFAIL![0m -- [38;5;14m[1mA BeforeSuite node failed so all tests were skipped.[0m
--- FAIL: TestVM (165.26s)
FAIL

Ginkgo ran 1 suite in 2m46.905381792s

Test Suite Failed
exit status 1
